<?xml version="1.0" encoding="UTF-8"?>
<!-- Generated by org.testng.reporters.JUnitXMLReporter -->
<testsuite ignored="0" hostname="AdnanAashiq.local" failures="2" tests="2" name="MumzWorldTests" time="10.379" errors="0" timestamp="01 Jan 2025 14:11:29 GMT">
  <testcase classname="mumzworld.CartTestingThroughSignIn" name="verifyCartFunctionality" time="5.025">
    <failure type="java.lang.NullPointerException" message="Cannot invoke &amp;quot;org.openqa.selenium.WebDriver.getCurrentUrl()&amp;quot; because &amp;quot;this.driver&amp;quot; is null">
      <![CDATA[java.lang.NullPointerException: Cannot invoke "org.openqa.selenium.WebDriver.getCurrentUrl()" because "this.driver" is null
	at pages.HomePage.assertHomePageUrl(HomePage.java:30)
	at mumzworld.CartTestingThroughSignIn.verifyCartFunctionality(CartTestingThroughSignIn.java:20)
... Removed 23 stack frames]]>
    </failure>
  </testcase> <!-- verifyCartFunctionality -->
  <testcase classname="mumzworld.CartTestingThroughSignUp" name="verifyCartFunctionality" time="5.007">
    <failure type="java.lang.NullPointerException" message="Cannot invoke &amp;quot;org.openqa.selenium.WebDriver.getCurrentUrl()&amp;quot; because &amp;quot;this.driver&amp;quot; is null">
      <![CDATA[java.lang.NullPointerException: Cannot invoke "org.openqa.selenium.WebDriver.getCurrentUrl()" because "this.driver" is null
	at pages.HomePage.assertHomePageUrl(HomePage.java:30)
	at mumzworld.CartTestingThroughSignUp.verifyCartFunctionality(CartTestingThroughSignUp.java:22)
... Removed 23 stack frames]]>
    </failure>
  </testcase> <!-- verifyCartFunctionality -->
</testsuite> <!-- MumzWorldTests -->
